Using Spark's default log4j profile: org/apache/spark/log4j-defaults.properties
Setting default log level to "WARN".
To adjust logging level use sc.setLogLevel(newLevel). For SparkR, use setLogLevel(newLevel).
18/03/18 14:24:54 WARN NativeCodeLoader: Unable to load native-hadoop library for your platform... using builtin-java classes where applicable
[Stage 0:>                                                          (0 + 2) / 2]Extracting MNIST-data-1/train-images-idx3-ubyte.gz
Extracting MNIST-data-0/train-images-idx3-ubyte.gz
Extracting MNIST-data-1/train-labels-idx1-ubyte.gz
Extracting MNIST-data-1/t10k-images-idx3-ubyte.gz
Extracting MNIST-data-0/train-labels-idx1-ubyte.gz
Extracting MNIST-data-0/t10k-images-idx3-ubyte.gz
Extracting MNIST-data-1/t10k-labels-idx1-ubyte.gz
Extracting MNIST-data-0/t10k-labels-idx1-ubyte.gz
[Stage 1:>                                                          (0 + 2) / 2]OMPI_MCA_orte_hnp_uri 2022309888.0;tcp://10.0.0.2:60620
...
OMPI_MCA_orte_hnp_uri 2022309888.0;tcp://10.0.0.2:60620
...
Extracting MNIST-data-1/train-images-idx3-ubyte.gz
Extracting MNIST-data-0/train-images-idx3-ubyte.gz
Extracting MNIST-data-1/train-labels-idx1-ubyte.gz
Extracting MNIST-data-0/train-labels-idx1-ubyte.gz
Extracting MNIST-data-1/t10k-images-idx3-ubyte.gz
Extracting MNIST-data-0/t10k-images-idx3-ubyte.gz
Extracting MNIST-data-1/t10k-labels-idx1-ubyte.gz
Extracting MNIST-data-0/t10k-labels-idx1-ubyte.gz
WARNING:tensorflow:From <ipython-input-4-7935c0094119>:32: get_or_create_global_step (from tensorflow.contrib.framework.python.ops.variables) is deprecated and will be removed in a future version.
Instructions for updating:
Please switch to tf.train.get_or_create_global_step
WARNING:tensorflow:From <ipython-input-4-7935c0094119>:32: get_or_create_global_step (from tensorflow.contrib.framework.python.ops.variables) is deprecated and will be removed in a future version.
Instructions for updating:
Please switch to tf.train.get_or_create_global_step
INFO:tensorflow:Create CheckpointSaverHook.
2018-03-18 14:25:32.511704: I tensorflow/core/common_runtime/gpu/gpu_device.cc:1030] Found device 0 with properties: 
name: Tesla K80 major: 3 minor: 7 memoryClockRate(GHz): 0.8235
pciBusID: 0000:04:00.0
totalMemory: 11.17GiB freeMemory: 11.11GiB
2018-03-18 14:25:32.511764: I tensorflow/core/common_runtime/gpu/gpu_device.cc:1120] Creating TensorFlow device (/device:GPU:0) -> (device: 0, name: Tesla K80, pci bus id: 0000:04:00.0, compute capability: 3.7)
2018-03-18 14:25:32.513307: I tensorflow/core/common_runtime/gpu/gpu_device.cc:1030] Found device 0 with properties: 
name: Tesla K80 major: 3 minor: 7 memoryClockRate(GHz): 0.8235
pciBusID: 0000:05:00.0
totalMemory: 11.17GiB freeMemory: 11.11GiB
2018-03-18 14:25:32.513357: I tensorflow/core/common_runtime/gpu/gpu_device.cc:1120] Creating TensorFlow device (/device:GPU:0) -> (device: 1, name: Tesla K80, pci bus id: 0000:05:00.0, compute capability: 3.7)
INFO:tensorflow:step = 1, loss = 2.2966452
INFO:tensorflow:Saving checkpoints for 1 into ./checkpoints/model.ckpt.
INFO:tensorflow:step = 1, loss = 2.3129206
INFO:tensorflow:step = 11, loss = 2.2951722 (0.586 sec)
INFO:tensorflow:step = 11, loss = 2.3111162 (0.415 sec)
INFO:tensorflow:step = 21, loss = 2.2925503 (0.374 sec)
INFO:tensorflow:step = 21, loss = 2.2911918 (0.374 sec)
INFO:tensorflow:step = 31, loss = 2.2860749 (0.353 sec)
INFO:tensorflow:step = 31, loss = 2.285014 (0.353 sec)
INFO:tensorflow:step = 41, loss = 2.267257 (0.365 sec)
INFO:tensorflow:step = 41, loss = 2.2466962 (0.365 sec)
INFO:tensorflow:step = 51, loss = 2.2319443 (0.375 sec)
INFO:tensorflow:step = 51, loss = 2.2232363 (0.375 sec)
INFO:tensorflow:step = 61, loss = 2.134793 (0.373 sec)
INFO:tensorflow:step = 61, loss = 2.1182253 (0.373 sec)
INFO:tensorflow:step = 71, loss = 1.6821964 (0.362 sec)
INFO:tensorflow:step = 71, loss = 1.6412492 (0.363 sec)
INFO:tensorflow:step = 81, loss = 1.3197725 (0.361 sec)
INFO:tensorflow:step = 81, loss = 1.2618995 (0.361 sec)
INFO:tensorflow:step = 91, loss = 0.7364186 (0.373 sec)
INFO:tensorflow:step = 91, loss = 0.8771614 (0.373 sec)
INFO:tensorflow:step = 101, loss = 0.68687737 (0.381 sec)
INFO:tensorflow:global_step/sec: 25.6848
INFO:tensorflow:step = 101, loss = 0.5873819 (0.383 sec)
...
INFO:tensorflow:step = 9901, loss = 0.0 (0.519 sec)
INFO:tensorflow:global_step/sec: 25.8329
INFO:tensorflow:step = 9901, loss = 0.124833964 (0.521 sec)
INFO:tensorflow:step = 9911, loss = 0.0 (0.370 sec)
INFO:tensorflow:step = 9911, loss = 0.0 (0.368 sec)
INFO:tensorflow:step = 9921, loss = 1.1145462e-06 (0.377 sec)
INFO:tensorflow:step = 9921, loss = 2.3841855e-09 (0.377 sec)
INFO:tensorflow:step = 9931, loss = 1.4662635e-07 (0.372 sec)
INFO:tensorflow:step = 9931, loss = 0.010745516 (0.372 sec)
INFO:tensorflow:step = 9941, loss = 0.0 (0.367 sec)
INFO:tensorflow:step = 9941, loss = 8.344648e-09 (0.367 sec)
INFO:tensorflow:step = 9951, loss = 0.0 (0.369 sec)
INFO:tensorflow:step = 9951, loss = 8.344647e-09 (0.369 sec)
INFO:tensorflow:step = 9961, loss = 0.0 (0.375 sec)
INFO:tensorflow:step = 9961, loss = 3.7234067e-06 (0.375 sec)
INFO:tensorflow:step = 9971, loss = 0.0 (0.366 sec)
INFO:tensorflow:step = 9971, loss = 0.0007605548 (0.366 sec)
INFO:tensorflow:step = 9981, loss = 9.298284e-08 (0.372 sec)
INFO:tensorflow:step = 9981, loss = 0.029338025 (0.372 sec)
INFO:tensorflow:step = 9991, loss = 0.0 (0.364 sec)
INFO:tensorflow:step = 9991, loss = 0.0 (0.364 sec)
INFO:tensorflow:Saving checkpoints for 10000 into ./checkpoints/model.ckpt.
[I 14:32:51.793 NotebookApp] Saving file at /spark_horovod.ipynb                

